0 info it worked if it ends with ok
1 verbose cli [ '/opt/node/bin/node', '/opt/node/bin/npm', 'run', 'buildHere' ]
2 info using npm@3.8.6
3 info using node@v6.1.0
4 verbose run-script [ 'prebuildHere', 'buildHere', 'postbuildHere' ]
5 info lifecycle alt@1.0.0~prebuildHere: alt@1.0.0
6 silly lifecycle alt@1.0.0~prebuildHere: no script for prebuildHere, continuing
7 info lifecycle alt@1.0.0~buildHere: alt@1.0.0
8 verbose lifecycle alt@1.0.0~buildHere: unsafe-perm in lifecycle true
9 verbose lifecycle alt@1.0.0~buildHere: PATH: /opt/node/lib/node_modules/npm/bin/node-gyp-bin:/home/ten/ruby_project/askable/lib/es/node_modules/.bin:/opt/node/bin:/usr/lib/haxe:/home/ten/.rbenv/shims:/home/ten/.rbenv/bin:/usr/local/bin:/usr/bin:/bin:/usr/local/games:/usr/games:/opt/nginx/sbin/:/opt/node/bin/:/opt/phantomjs2/:/opt/haxe:/opt/scala/bin:/home/ten/activator-1.3.7-minimal:/home/ten/Downloads/go/bin/:/home/ten/Downloads/flex_sdk/bin
10 verbose lifecycle alt@1.0.0~buildHere: CWD: /home/ten/ruby_project/askable/lib/es
11 silly lifecycle alt@1.0.0~buildHere: Args: [ '-c',
11 silly lifecycle   'watchify -t babelify --extension=js $C_D/index.js -o $C_D/built.js -v' ]
12 silly lifecycle alt@1.0.0~buildHere: Returned: code: 1  signal: null
13 info lifecycle alt@1.0.0~buildHere: Failed to exec buildHere script
14 verbose stack Error: alt@1.0.0 buildHere: `watchify -t babelify --extension=js $C_D/index.js -o $C_D/built.js -v`
14 verbose stack Exit status 1
14 verbose stack     at EventEmitter.<anonymous> (/opt/node/lib/node_modules/npm/lib/utils/lifecycle.js:239:16)
14 verbose stack     at emitTwo (events.js:106:13)
14 verbose stack     at EventEmitter.emit (events.js:191:7)
14 verbose stack     at ChildProcess.<anonymous> (/opt/node/lib/node_modules/npm/lib/utils/spawn.js:24:14)
14 verbose stack     at emitTwo (events.js:106:13)
14 verbose stack     at ChildProcess.emit (events.js:191:7)
14 verbose stack     at maybeClose (internal/child_process.js:850:16)
14 verbose stack     at Process.ChildProcess._handle.onexit (internal/child_process.js:215:5)
15 verbose pkgid alt@1.0.0
16 verbose cwd /home/ten/ruby_project/askable/lib/es/src/common
17 error Linux 3.16.0-4-amd64
18 error argv "/opt/node/bin/node" "/opt/node/bin/npm" "run" "buildHere"
19 error node v6.1.0
20 error npm  v3.8.6
21 error code ELIFECYCLE
22 error alt@1.0.0 buildHere: `watchify -t babelify --extension=js $C_D/index.js -o $C_D/built.js -v`
22 error Exit status 1
23 error Failed at the alt@1.0.0 buildHere script 'watchify -t babelify --extension=js $C_D/index.js -o $C_D/built.js -v'.
23 error Make sure you have the latest version of node.js and npm installed.
23 error If you do, this is most likely a problem with the alt package,
23 error not with npm itself.
23 error Tell the author that this fails on your system:
23 error     watchify -t babelify --extension=js $C_D/index.js -o $C_D/built.js -v
23 error You can get information on how to open an issue for this project with:
23 error     npm bugs alt
23 error Or if that isn't available, you can get their info via:
23 error     npm owner ls alt
23 error There is likely additional logging output above.
24 verbose exit [ 1, true ]
