0 info it worked if it ends with ok
1 verbose cli [ '/opt/node/bin/node', '/opt/node/bin/npm', 'run', 'buildHere' ]
2 info using npm@3.8.6
3 info using node@v6.1.0
4 verbose stack Error: ENOENT: no such file or directory, open '/home/ten/ruby_project/askable/package.json'
4 verbose stack     at Error (native)
5 verbose cwd /home/ten/ruby_project/askable
6 error Linux 3.16.0-4-amd64
7 error argv "/opt/node/bin/node" "/opt/node/bin/npm" "run" "buildHere"
8 error node v6.1.0
9 error npm  v3.8.6
10 error path /home/ten/ruby_project/askable/package.json
11 error code ENOENT
12 error errno -2
13 error syscall open
14 error enoent ENOENT: no such file or directory, open '/home/ten/ruby_project/askable/package.json'
15 error enoent ENOENT: no such file or directory, open '/home/ten/ruby_project/askable/package.json'
15 error enoent This is most likely not a problem with npm itself
15 error enoent and is related to npm not being able to find a file.
16 verbose exit [ -2, true ]
